2022-02-10 23:45:39 INFO     
Compared files /home/erlend/logs/root/logs/ubuntu-lon1-0//ubuntu-lon1-0-10-22-06-51-60fce8.json and /home/erlend/logs/root/logs/ubuntu-lon1-0/ubuntu-lon1-0-10-22-06-51-60fce8.json
         /home/erlend/logs/root/logs/ubuntu-lon1-0//ubuntu-lon1-0-10-22-06-51-60fce8.json info:
         Source IP: 2a03:b0c0:1:d0::b45:6001
         Destination IP: 2a00:1d58:0:1902:94:55:118:33
         Flow label: 230
         Outbound TCP port: 80
         /home/erlend/logs/root/logs/ubuntu-lon1-0/ubuntu-lon1-0-10-22-06-51-60fce8.json info:
         Source IP: 2a03:b0c0:1:d0::b45:6001
         Destination IP: 2a00:1d58:0:1902:94:55:118:33
         Flow label: 230
         Outbound TCP port: 80
         Comparison result: The routes are equal.
2022-02-10 23:45:39 INFO     
Compared files /home/erlend/logs/root/logs/ubuntu-lon1-0//ubuntu-lon1-0-10-22-06-51-60fce8.json and /home/erlend/logs/root/logs/ubuntu-lon1-0/ubuntu-lon1-0-10-22-07-03-60fce8.json
         /home/erlend/logs/root/logs/ubuntu-lon1-0//ubuntu-lon1-0-10-22-06-51-60fce8.json info:
         Source IP: 2a03:b0c0:1:d0::b45:6001
         Destination IP: 2a00:1d58:0:1902:94:55:118:33
         Flow label: 230
         Outbound TCP port: 80
         /home/erlend/logs/root/logs/ubuntu-lon1-0/ubuntu-lon1-0-10-22-07-03-60fce8.json info:
         Source IP: 2a03:b0c0:1:d0::b45:6001
         Destination IP: 2a00:1d58:0:1902:94:55:118:33
         Flow label: 44
         Outbound TCP port: 80
         Comparison result: The routes are equal.
2022-02-10 23:45:39 INFO     
Compared files /home/erlend/logs/root/logs/ubuntu-lon1-0//ubuntu-lon1-0-10-22-06-51-60fce8.json and /home/erlend/logs/root/logs/ubuntu-lon1-0/ubuntu-lon1-0-10-22-07-19-c082d4.json
         /home/erlend/logs/root/logs/ubuntu-lon1-0//ubuntu-lon1-0-10-22-06-51-60fce8.json info:
         Source IP: 2a03:b0c0:1:d0::b45:6001
         Destination IP: 2a00:1d58:0:1902:94:55:118:33
         Flow label: 230
         Outbound TCP port: 80
         /home/erlend/logs/root/logs/ubuntu-lon1-0/ubuntu-lon1-0-10-22-07-19-c082d4.json info:
         Source IP: 2a03:b0c0:1:d0::b45:6001
         Destination IP: 2a00:1450:4009:823::200e
         Flow label: 230
         Outbound TCP port: 80
         Comparison result: The routes are NOT equal!
2022-02-10 23:45:39 INFO     
Compared files /home/erlend/logs/root/logs/ubuntu-lon1-0//ubuntu-lon1-0-10-22-06-51-60fce8.json and /home/erlend/logs/root/logs/ubuntu-lon1-0/ubuntu-lon1-0-10-22-07-37-c082d4.json
         /home/erlend/logs/root/logs/ubuntu-lon1-0//ubuntu-lon1-0-10-22-06-51-60fce8.json info:
         Source IP: 2a03:b0c0:1:d0::b45:6001
         Destination IP: 2a00:1d58:0:1902:94:55:118:33
         Flow label: 230
         Outbound TCP port: 80
         /home/erlend/logs/root/logs/ubuntu-lon1-0/ubuntu-lon1-0-10-22-07-37-c082d4.json info:
         Source IP: 2a03:b0c0:1:d0::b45:6001
         Destination IP: 2a00:1450:4009:823::200e
         Flow label: 44
         Outbound TCP port: 80
         Comparison result: The routes are NOT equal!
2022-02-10 23:45:39 INFO     
Compared files /home/erlend/logs/root/logs/ubuntu-lon1-0//ubuntu-lon1-0-10-22-06-51-60fce8.json and /home/erlend/logs/root/logs/ubuntu-lon1-0/ubuntu-lon1-0-10-22-07-50-df6045.json
         /home/erlend/logs/root/logs/ubuntu-lon1-0//ubuntu-lon1-0-10-22-06-51-60fce8.json info:
         Source IP: 2a03:b0c0:1:d0::b45:6001
         Destination IP: 2a00:1d58:0:1902:94:55:118:33
         Flow label: 230
         Outbound TCP port: 80
         /home/erlend/logs/root/logs/ubuntu-lon1-0/ubuntu-lon1-0-10-22-07-50-df6045.json info:
         Source IP: 2a03:b0c0:1:d0::b45:6001
         Destination IP: 2a03:42e0::214
         Flow label: 230
         Outbound TCP port: 80
         Comparison result: The routes are NOT equal!
2022-02-10 23:45:39 INFO     
Compared files /home/erlend/logs/root/logs/ubuntu-lon1-0//ubuntu-lon1-0-10-22-06-51-60fce8.json and /home/erlend/logs/root/logs/ubuntu-lon1-0/ubuntu-lon1-0-10-22-08-02-df6045.json
         /home/erlend/logs/root/logs/ubuntu-lon1-0//ubuntu-lon1-0-10-22-06-51-60fce8.json info:
         Source IP: 2a03:b0c0:1:d0::b45:6001
         Destination IP: 2a00:1d58:0:1902:94:55:118:33
         Flow label: 230
         Outbound TCP port: 80
         /home/erlend/logs/root/logs/ubuntu-lon1-0/ubuntu-lon1-0-10-22-08-02-df6045.json info:
         Source IP: 2a03:b0c0:1:d0::b45:6001
         Destination IP: 2a03:42e0::214
         Flow label: 44
         Outbound TCP port: 80
         Comparison result: The routes are NOT equal!
2022-02-11 09:19:28 INFO     
Compared files /home/erlend/logs/ubuntu-nyc1-0/4157b9//ubuntu-nyc1-0-11-00-58-17-4157b9.json and /home/erlend/logs/ubuntu-nyc1-0/4157b9/ubuntu-nyc1-0-11-00-58-17-4157b9.json
         /home/erlend/logs/ubuntu-nyc1-0/4157b9//ubuntu-nyc1-0-11-00-58-17-4157b9.json info:
         Source IP: 2604:a880:400:d0::1c70:a001
         Destination IP: 2a02:29b8:dc01:345::2
         Flow label: 0
         Outbound TCP port: 443
         /home/erlend/logs/ubuntu-nyc1-0/4157b9/ubuntu-nyc1-0-11-00-58-17-4157b9.json info:
         Source IP: 2604:a880:400:d0::1c70:a001
         Destination IP: 2a02:29b8:dc01:345::2
         Flow label: 0
         Outbound TCP port: 443
         Comparison result: The routes are equal.
2022-02-11 09:19:28 INFO     
Compared files /home/erlend/logs/ubuntu-nyc1-0/4157b9//ubuntu-nyc1-0-11-00-58-17-4157b9.json and /home/erlend/logs/ubuntu-nyc1-0/4157b9/ubuntu-nyc1-0-11-00-58-39-4157b9.json
         /home/erlend/logs/ubuntu-nyc1-0/4157b9//ubuntu-nyc1-0-11-00-58-17-4157b9.json info:
         Source IP: 2604:a880:400:d0::1c70:a001
         Destination IP: 2a02:29b8:dc01:345::2
         Flow label: 0
         Outbound TCP port: 443
         /home/erlend/logs/ubuntu-nyc1-0/4157b9/ubuntu-nyc1-0-11-00-58-39-4157b9.json info:
         Source IP: 2604:a880:400:d0::1c70:a001
         Destination IP: 2a02:29b8:dc01:345::2
         Flow label: 1
         Outbound TCP port: 443
         Comparison result: The routes are NOT equal!
2022-02-11 09:19:29 INFO     
Compared files /home/erlend/logs/ubuntu-nyc1-0/4157b9//ubuntu-nyc1-0-11-00-58-17-4157b9.json and /home/erlend/logs/ubuntu-nyc1-0/4157b9/ubuntu-nyc1-0-11-00-59-00-4157b9.json
         /home/erlend/logs/ubuntu-nyc1-0/4157b9//ubuntu-nyc1-0-11-00-58-17-4157b9.json info:
         Source IP: 2604:a880:400:d0::1c70:a001
         Destination IP: 2a02:29b8:dc01:345::2
         Flow label: 0
         Outbound TCP port: 443
         /home/erlend/logs/ubuntu-nyc1-0/4157b9/ubuntu-nyc1-0-11-00-59-00-4157b9.json info:
         Source IP: 2604:a880:400:d0::1c70:a001
         Destination IP: 2a02:29b8:dc01:345::2
         Flow label: 20002
         Outbound TCP port: 443
         Comparison result: The routes are NOT equal!
2022-02-11 09:19:29 INFO     
Compared files /home/erlend/logs/ubuntu-nyc1-0/4157b9//ubuntu-nyc1-0-11-00-58-17-4157b9.json and /home/erlend/logs/ubuntu-nyc1-0/4157b9/ubuntu-nyc1-0-11-00-59-25-4157b9.json
         /home/erlend/logs/ubuntu-nyc1-0/4157b9//ubuntu-nyc1-0-11-00-58-17-4157b9.json info:
         Source IP: 2604:a880:400:d0::1c70:a001
         Destination IP: 2a02:29b8:dc01:345::2
         Flow label: 0
         Outbound TCP port: 443
         /home/erlend/logs/ubuntu-nyc1-0/4157b9/ubuntu-nyc1-0-11-00-59-25-4157b9.json info:
         Source IP: 2604:a880:400:d0::1c70:a001
         Destination IP: 2a02:29b8:dc01:345::2
         Flow label: 1048575
         Outbound TCP port: 443
         Comparison result: The routes are NOT equal!
